{"numTotalTestSuites":239,"numPassedTestSuites":220,"numFailedTestSuites":19,"numPendingTestSuites":0,"numTotalTests":386,"numPassedTests":376,"numFailedTests":10,"numPendingTests":0,"numTodoTests":0,"snapshot":{"added":0,"failure":false,"filesAdded":0,"filesRemoved":0,"filesRemovedList":[],"filesUnmatched":0,"filesUpdated":0,"matched":0,"total":0,"unchecked":0,"uncheckedKeysByFile":[],"unmatched":0,"updated":0,"didUpdate":false},"startTime":1767067382241,"success":false,"testResults":[{"assertionResults":[{"ancestorTitles":["CreditsDisplay"],"fullName":"CreditsDisplay renders loading state initially","status":"passed","title":"renders loading state initially","duration":3.1886999999996988,"failureMessages":[],"meta":{}},{"ancestorTitles":["CreditsDisplay"],"fullName":"CreditsDisplay displays basic credit information when showDetails is false","status":"passed","title":"displays basic credit information when showDetails is false","duration":6.079099999999926,"failureMessages":[],"meta":{}},{"ancestorTitles":["CreditsDisplay"],"fullName":"CreditsDisplay displays detailed credit information when showDetails is true","status":"passed","title":"displays detailed credit information when showDetails is true","duration":18.253899999999703,"failureMessages":[],"meta":{}},{"ancestorTitles":["CreditsDisplay"],"fullName":"CreditsDisplay handles error state gracefully","status":"passed","title":"handles error state gracefully","duration":14.584200000000237,"failureMessages":[],"meta":{}},{"ancestorTitles":["CreditsDisplay"],"fullName":"CreditsDisplay handles API error response","status":"passed","title":"handles API error response","duration":3.7359999999998763,"failureMessages":[],"meta":{}},{"ancestorTitles":["CreditsDisplay"],"fullName":"CreditsDisplay applies custom className","status":"passed","title":"applies custom className","duration":12.029700000000048,"failureMessages":[],"meta":{}},{"ancestorTitles":["CreditsDisplay"],"fullName":"CreditsDisplay displays tier icon and color correctly","status":"passed","title":"displays tier icon and color correctly","duration":18.050200000000586,"failureMessages":[],"meta":{}}],"startTime":1767067387208,"endTime":1767067387284.0503,"status":"passed","message":"","name":"C:/Users/patri/Projects/bookiji/src/components/CreditsDisplay.test.tsx"},{"assertionResults":[{"ancestorTitles":["CreditsRedemption"],"fullName":"CreditsRedemption renders without crashing","status":"passed","title":"renders without crashing","duration":17.425499999999374,"failureMessages":[],"meta":{}},{"ancestorTitles":["CreditsRedemption"],"fullName":"CreditsRedemption shows loading state initially","status":"passed","title":"shows loading state initially","duration":2.638600000000224,"failureMessages":[],"meta":{}},{"ancestorTitles":["CreditsRedemption"],"fullName":"CreditsRedemption handles error state","status":"passed","title":"handles error state","duration":12.221599999999853,"failureMessages":[],"meta":{}},{"ancestorTitles":["CreditsRedemption"],"fullName":"CreditsRedemption calculates max redemption correctly","status":"passed","title":"calculates max redemption correctly","duration":22.973500000000058,"failureMessages":[],"meta":{}},{"ancestorTitles":["CreditsRedemption"],"fullName":"CreditsRedemption applies credits successfully","status":"passed","title":"applies credits successfully","duration":19.18080000000009,"failureMessages":[],"meta":{}}],"startTime":1767067387313,"endTime":1767067387388.181,"status":"passed","message":"","name":"C:/Users/patri/Projects/bookiji/src/components/CreditsRedemption.test.tsx"},{"assertionResults":[{"ancestorTitles":["CreditsService","getInstance"],"fullName":"CreditsService getInstance returns the same instance","status":"passed","title":"returns the same instance","duration":1.056800000000294,"failureMessages":[],"meta":{}},{"ancestorTitles":["CreditsService","formatCredits"],"fullName":"CreditsService formatCredits formats whole numbers correctly","status":"passed","title":"formats whole numbers correctly","duration":0.8406000000004497,"failureMessages":[],"meta":{}},{"ancestorTitles":["CreditsService","formatCredits"],"fullName":"CreditsService formatCredits formats decimal numbers correctly","status":"passed","title":"formats decimal numbers correctly","duration":0.49390000000039436,"failureMessages":[],"meta":{}},{"ancestorTitles":["CreditsService","formatCredits"],"fullName":"CreditsService formatCredits handles negative numbers","status":"passed","title":"handles negative numbers","duration":0.4617000000007465,"failureMessages":[],"meta":{}},{"ancestorTitles":["CreditsService","getTierIcon"],"fullName":"CreditsService getTierIcon returns correct icons for each tier","status":"passed","title":"returns correct icons for each tier","duration":0.5414000000000669,"failureMessages":[],"meta":{}},{"ancestorTitles":["CreditsService","getTierColor"],"fullName":"CreditsService getTierColor returns correct colors for each tier","status":"passed","title":"returns correct colors for each tier","duration":0.5421999999998661,"failureMessages":[],"meta":{}},{"ancestorTitles":["CreditsService","validateRedemption"],"fullName":"CreditsService validateRedemption validates minimum redemption amount","status":"passed","title":"validates minimum redemption amount","duration":0.4539999999997235,"failureMessages":[],"meta":{}},{"ancestorTitles":["CreditsService","validateRedemption"],"fullName":"CreditsService validateRedemption validates sufficient balance","status":"passed","title":"validates sufficient balance","duration":0.41229999999995925,"failureMessages":[],"meta":{}},{"ancestorTitles":["CreditsService","validateRedemption"],"fullName":"CreditsService validateRedemption accepts valid redemption amounts","status":"passed","title":"accepts valid redemption amounts","duration":0.40090000000054715,"failureMessages":[],"meta":{}},{"ancestorTitles":["CreditsService","validateRedemption"],"fullName":"CreditsService validateRedemption accepts exact minimum amount","status":"passed","title":"accepts exact minimum amount","duration":0.4018999999998414,"failureMessages":[],"meta":{}},{"ancestorTitles":["CreditsService","constants"],"fullName":"CreditsService constants has correct constant values","status":"passed","title":"has correct constant values","duration":0.4596000000001368,"failureMessages":[],"meta":{}}],"startTime":1767067390024,"endTime":1767067390029.4597,"status":"passed","message":"","name":"C:/Users/patri/Projects/bookiji/src/lib/credits.test.ts"},{"assertionResults":[{"ancestorTitles":["analytics segmentation/geographic branches"],"fullName":"analytics segmentation/geographic branches invokes segmentation and geographic branches safely","status":"passed","title":"invokes segmentation and geographic branches safely","duration":2.078099999999722,"failureMessages":[],"meta":{}}],"startTime":1767067390375,"endTime":1767067390377.0781,"status":"passed","message":"","name":"C:/Users/patri/Projects/bookiji/tests/api/analytics.segmentation.spec.ts"},{"assertionResults":[{"ancestorTitles":["GET /api/analytics/system"],"fullName":"GET /api/analytics/system returns aggregated system metrics","status":"passed","title":"returns aggregated system metrics","duration":3.274800000000141,"failureMessages":[],"meta":{}},{"ancestorTitles":["GET /api/analytics/system"],"fullName":"GET /api/analytics/system health endpoint returns OK","status":"passed","title":"health endpoint returns OK","duration":2.8145000000004075,"failureMessages":[],"meta":{}}],"startTime":1767067388403,"endTime":1767067388408.8145,"status":"passed","message":"","name":"C:/Users/patri/Projects/bookiji/tests/api/analytics.system.spec.ts"},{"assertionResults":[{"ancestorTitles":["POST /api/analytics/track (error paths)"],"fullName":"POST /api/analytics/track (error paths) 400 when missing event","status":"passed","title":"400 when missing event","duration":2.3791000000001077,"failureMessages":[],"meta":{}},{"ancestorTitles":["POST /api/analytics/track (error paths)"],"fullName":"POST /api/analytics/track (error paths) 500 when storage fails","status":"passed","title":"500 when storage fails","duration":2.5855000000001382,"failureMessages":[],"meta":{}}],"startTime":1767067388607,"endTime":1767067388611.5854,"status":"passed","message":"","name":"C:/Users/patri/Projects/bookiji/tests/api/analytics.track.errors.spec.ts"},{"assertionResults":[{"ancestorTitles":["POST /api/analytics/track"],"fullName":"POST /api/analytics/track stores analytics event","status":"passed","title":"stores analytics event","duration":2.1732999999994718,"failureMessages":[],"meta":{}},{"ancestorTitles":["POST /api/analytics/track"],"fullName":"POST /api/analytics/track processes funnel events","status":"passed","title":"processes funnel events","duration":1.9347999999999956,"failureMessages":[],"meta":{}}],"startTime":1767067388681,"endTime":1767067388684.9348,"status":"passed","message":"","name":"C:/Users/patri/Projects/bookiji/tests/api/analytics.track.spec.ts"},{"assertionResults":[{"ancestorTitles":["auth email templates"],"fullName":"auth email templates includes token in verify link","status":"passed","title":"includes token in verify link","duration":1.2932000000000698,"failureMessages":[],"meta":{}},{"ancestorTitles":["auth email templates"],"fullName":"auth email templates includes token in reset link","status":"passed","title":"includes token in reset link","duration":0.8463999999994485,"failureMessages":[],"meta":{}}],"startTime":1767067390200,"endTime":1767067390202.8464,"status":"passed","message":"","name":"C:/Users/patri/Projects/bookiji/tests/api/auth.emails.spec.ts"},{"assertionResults":[{"ancestorTitles":["POST /api/availability/search error validation"],"fullName":"POST /api/availability/search error validation 400 when missing required params","status":"passed","title":"400 when missing required params","duration":1.6721999999999753,"failureMessages":[],"meta":{}}],"startTime":1767067390454,"endTime":1767067390455.672,"status":"passed","message":"","name":"C:/Users/patri/Projects/bookiji/tests/api/availability.search.errors.spec.ts"},{"assertionResults":[{"ancestorTitles":["RLS/role protection: /api/blocks/list"],"fullName":"RLS/role protection: /api/blocks/list returns 401 when no user session","status":"passed","title":"returns 401 when no user session","duration":3.4866000000001804,"failureMessages":[],"meta":{}},{"ancestorTitles":["RLS/role protection: /api/blocks/list"],"fullName":"RLS/role protection: /api/blocks/list allows authenticated users and returns arrays","status":"passed","title":"allows authenticated users and returns arrays","duration":3.158499999999549,"failureMessages":[],"meta":{}}],"startTime":1767067388123,"endTime":1767067388129.1584,"status":"passed","message":"","name":"C:/Users/patri/Projects/bookiji/tests/api/blocks.rls.spec.ts"},{"assertionResults":[{"ancestorTitles":["Blocks API endpoints"],"fullName":"Blocks API endpoints POST /api/blocks/create should create a user block","status":"passed","title":"POST /api/blocks/create should create a user block","duration":3.2002000000002226,"failureMessages":[],"meta":{}},{"ancestorTitles":["Blocks API endpoints"],"fullName":"Blocks API endpoints GET /api/blocks/list should return block lists for user","status":"passed","title":"GET /api/blocks/list should return block lists for user","duration":3.8007000000006883,"failureMessages":[],"meta":{}},{"ancestorTitles":["Blocks API endpoints"],"fullName":"Blocks API endpoints DELETE /api/blocks/delete should delete a user block","status":"passed","title":"DELETE /api/blocks/delete should delete a user block","duration":2.1885999999994965,"failureMessages":[],"meta":{}}],"startTime":1767067387894,"endTime":1767067387903.1887,"status":"passed","message":"","name":"C:/Users/patri/Projects/bookiji/tests/api/blocks.spec.ts"},{"assertionResults":[{"ancestorTitles":["POST /api/bookings/create"],"fullName":"POST /api/bookings/create should create a booking","status":"failed","title":"should create a booking","duration":24.185799999999972,"failureMessages":["AssertionError: expected 400 to be 200 // Object.is equality\n    at C:\\Users\\patri\\Projects\\bookiji\\tests\\api\\bookings.create.spec.ts:95:29\n    at processTicksAndRejections (node:internal/process/task_queues:105:5)\n    at file:///C:/Users/patri/Projects/bookiji/node_modules/.pnpm/@vitest+runner@3.2.4/node_modules/@vitest/runner/dist/chunk-hooks.js:752:20"],"meta":{}},{"ancestorTitles":["POST /api/bookings/create"],"fullName":"POST /api/bookings/create rejects bookings that start in the past","status":"passed","title":"rejects bookings that start in the past","duration":2.804399999999987,"failureMessages":[],"meta":{}}],"startTime":1767067384378,"endTime":1767067384404.8044,"status":"failed","message":"","name":"C:/Users/patri/Projects/bookiji/tests/api/bookings.create.spec.ts"},{"assertionResults":[{"ancestorTitles":["GET /api/bookings/user"],"fullName":"GET /api/bookings/user returns empty bookings array when no bookings exist","status":"failed","title":"returns empty bookings array when no bookings exist","duration":2.678899999999885,"failureMessages":["AssertionError: expected 500 to be 200 // Object.is equality\n    at C:\\Users\\patri\\Projects\\bookiji\\tests\\api\\bookings.user.spec.ts:21:29\n    at processTicksAndRejections (node:internal/process/task_queues:105:5)\n    at file:///C:/Users/patri/Projects/bookiji/node_modules/.pnpm/@vitest+runner@3.2.4/node_modules/@vitest/runner/dist/chunk-hooks.js:752:20"],"meta":{}},{"ancestorTitles":["GET /api/bookings/user"],"fullName":"GET /api/bookings/user handles database errors gracefully","status":"passed","title":"handles database errors gracefully","duration":1.7515999999998257,"failureMessages":[],"meta":{}}],"startTime":1767067384532,"endTime":1767067384535.7517,"status":"failed","message":"","name":"C:/Users/patri/Projects/bookiji/tests/api/bookings.user.spec.ts"},{"assertionResults":[{"ancestorTitles":["GET /api/credits/status"],"fullName":"GET /api/credits/status returns loyalty status with progress","status":"passed","title":"returns loyalty status with progress","duration":2.105199999999968,"failureMessages":[],"meta":{}},{"ancestorTitles":["GET /api/credits/status"],"fullName":"GET /api/credits/status returns 500 and success: false if getUserCredits returns undefined","status":"passed","title":"returns 500 and success: false if getUserCredits returns undefined","duration":1.4425000000001091,"failureMessages":[],"meta":{}},{"ancestorTitles":["GET /api/credits/status"],"fullName":"GET /api/credits/status returns 500 and success: false if getUserCredits returns { success: false }","status":"passed","title":"returns 500 and success: false if getUserCredits returns { success: false }","duration":1.3503000000000611,"failureMessages":[],"meta":{}}],"startTime":1767067388434,"endTime":1767067388439.3503,"status":"passed","message":"","name":"C:/Users/patri/Projects/bookiji/tests/api/credits.status.spec.ts"},{"assertionResults":[{"ancestorTitles":["notification intent idempotency"],"fullName":"notification intent idempotency produces stable keys for equivalent payloads","status":"passed","title":"produces stable keys for equivalent payloads","duration":1.0688000000000102,"failureMessages":[],"meta":{}},{"ancestorTitles":["notification intent idempotency"],"fullName":"notification intent idempotency changes keys when payload changes","status":"passed","title":"changes keys when payload changes","duration":0.7928000000001703,"failureMessages":[],"meta":{}}],"startTime":1767067389505,"endTime":1767067389506.7927,"status":"passed","message":"","name":"C:/Users/patri/Projects/bookiji/tests/api/notifications.intentDispatcher.spec.ts"},{"assertionResults":[{"ancestorTitles":["RLS/role protection: /api/notifications"],"fullName":"RLS/role protection: /api/notifications GET: 401 without session","status":"passed","title":"GET: 401 without session","duration":0.8506999999999607,"failureMessages":[],"meta":{}},{"ancestorTitles":["RLS/role protection: /api/notifications"],"fullName":"RLS/role protection: /api/notifications GET: 200 with notifications array when authenticated","status":"passed","title":"GET: 200 with notifications array when authenticated","duration":2.096499999999878,"failureMessages":[],"meta":{}},{"ancestorTitles":["RLS/role protection: /api/notifications"],"fullName":"RLS/role protection: /api/notifications DELETE: 401 without session","status":"passed","title":"DELETE: 401 without session","duration":1.0492000000001553,"failureMessages":[],"meta":{}},{"ancestorTitles":["RLS/role protection: /api/notifications"],"fullName":"RLS/role protection: /api/notifications DELETE: 400 when id missing","status":"passed","title":"DELETE: 400 when id missing","duration":0.5724999999999909,"failureMessages":[],"meta":{}},{"ancestorTitles":["RLS/role protection: /api/notifications"],"fullName":"RLS/role protection: /api/notifications DELETE: 200 when authenticated and delete succeeds","status":"failed","title":"DELETE: 200 when authenticated and delete succeeds","duration":1.4645999999997912,"failureMessages":["AssertionError: expected false to be true // Object.is equality\n    at C:\\Users\\patri\\Projects\\bookiji\\tests\\api\\notifications.rls.spec.ts:73:26\n    at processTicksAndRejections (node:internal/process/task_queues:105:5)\n    at file:///C:/Users/patri/Projects/bookiji/node_modules/.pnpm/@vitest+runner@3.2.4/node_modules/@vitest/runner/dist/chunk-hooks.js:752:20"],"meta":{}}],"startTime":1767067384487,"endTime":1767067384492.4646,"status":"failed","message":"","name":"C:/Users/patri/Projects/bookiji/tests/api/notifications.rls.spec.ts"},{"assertionResults":[{"ancestorTitles":["POST /api/notifications/send"],"fullName":"POST /api/notifications/send validates required fields","status":"passed","title":"validates required fields","duration":3.2359000000005835,"failureMessages":[],"meta":{}},{"ancestorTitles":["POST /api/notifications/send"],"fullName":"POST /api/notifications/send returns 500 when provider fails (email)","status":"passed","title":"returns 500 when provider fails (email)","duration":6.453499999999622,"failureMessages":[],"meta":{}}],"startTime":1767067387835,"endTime":1767067387844.4536,"status":"passed","message":"","name":"C:/Users/patri/Projects/bookiji/tests/api/notifications.send.errors.spec.ts"},{"assertionResults":[{"ancestorTitles":["Payment ↔ Booking Consistency","Cannot create booking hold with fake payment intent"],"fullName":"Payment ↔ Booking Consistency Cannot create booking hold with fake payment intent should reject booking creation with non-existent payment intent","status":"failed","title":"should reject booking creation with non-existent payment intent","duration":13.868400000000065,"failureMessages":["AssertionError: expected 200 to be 400 // Object.is equality\n    at C:\\Users\\patri\\Projects\\bookiji\\tests\\api\\payments.booking-consistency.spec.ts:61:31\n    at processTicksAndRejections (node:internal/process/task_queues:105:5)\n    at file:///C:/Users/patri/Projects/bookiji/node_modules/.pnpm/@vitest+runner@3.2.4/node_modules/@vitest/runner/dist/chunk-hooks.js:752:20"],"meta":{}},{"ancestorTitles":["Payment ↔ Booking Consistency","Cannot create booking hold with fake payment intent"],"fullName":"Payment ↔ Booking Consistency Cannot create booking hold with fake payment intent should reject booking creation with payment intent in wrong state","status":"failed","title":"should reject booking creation with payment intent in wrong state","duration":3.277900000000045,"failureMessages":["AssertionError: expected 200 to be 400 // Object.is equality\n    at C:\\Users\\patri\\Projects\\bookiji\\tests\\api\\payments.booking-consistency.spec.ts:87:31\n    at processTicksAndRejections (node:internal/process/task_queues:105:5)\n    at file:///C:/Users/patri/Projects/bookiji/node_modules/.pnpm/@vitest+runner@3.2.4/node_modules/@vitest/runner/dist/chunk-hooks.js:752:20"],"meta":{}},{"ancestorTitles":["Payment ↔ Booking Consistency","Cannot create booking hold with fake payment intent"],"fullName":"Payment ↔ Booking Consistency Cannot create booking hold with fake payment intent should reject booking creation with payment intent amount mismatch","status":"failed","title":"should reject booking creation with payment intent amount mismatch","duration":1.9414999999999054,"failureMessages":["AssertionError: expected 200 to be 400 // Object.is equality\n    at C:\\Users\\patri\\Projects\\bookiji\\tests\\api\\payments.booking-consistency.spec.ts:113:31\n    at processTicksAndRejections (node:internal/process/task_queues:105:5)\n    at file:///C:/Users/patri/Projects/bookiji/node_modules/.pnpm/@vitest+runner@3.2.4/node_modules/@vitest/runner/dist/chunk-hooks.js:752:20"],"meta":{}},{"ancestorTitles":["Payment ↔ Booking Consistency","Cannot end in confirmed state without webhook success"],"fullName":"Payment ↔ Booking Consistency Cannot end in confirmed state without webhook success should not set confirmed_at when creating booking hold","status":"passed","title":"should not set confirmed_at when creating booking hold","duration":2.300599999999804,"failureMessages":[],"meta":{}},{"ancestorTitles":["Payment ↔ Booking Consistency","Cannot end in confirmed state without webhook success"],"fullName":"Payment ↔ Booking Consistency Cannot end in confirmed state without webhook success should prevent direct database update to confirmed without payment","status":"passed","title":"should prevent direct database update to confirmed without payment","duration":1.250300000000152,"failureMessages":[],"meta":{}},{"ancestorTitles":["Payment ↔ Booking Consistency","Duplicate webhooks are idempotent"],"fullName":"Payment ↔ Booking Consistency Duplicate webhooks are idempotent should handle duplicate payment_intent.succeeded webhooks gracefully","status":"failed","title":"should handle duplicate payment_intent.succeeded webhooks gracefully","duration":3.5137999999999465,"failureMessages":["AssertionError: expected undefined to be 'confirmed' // Object.is equality\n    at C:\\Users\\patri\\Projects\\bookiji\\tests\\api\\payments.booking-consistency.spec.ts:210:40\n    at processTicksAndRejections (node:internal/process/task_queues:105:5)\n    at file:///C:/Users/patri/Projects/bookiji/node_modules/.pnpm/@vitest+runner@3.2.4/node_modules/@vitest/runner/dist/chunk-hooks.js:752:20"],"meta":{}},{"ancestorTitles":["Payment ↔ Booking Consistency","Duplicate webhooks are idempotent"],"fullName":"Payment ↔ Booking Consistency Duplicate webhooks are idempotent should not process webhook if booking is already in different state","status":"passed","title":"should not process webhook if booking is already in different state","duration":1.2436999999999898,"failureMessages":[],"meta":{}}],"startTime":1767067384268,"endTime":1767067384295.2437,"status":"failed","message":"","name":"C:/Users/patri/Projects/bookiji/tests/api/payments.booking-consistency.spec.ts"},{"assertionResults":[{"ancestorTitles":["PaymentsWebhookHandlerImpl idempotency"],"fullName":"PaymentsWebhookHandlerImpl idempotency skips already-processed events","status":"passed","title":"skips already-processed events","duration":1.929599999999482,"failureMessages":[],"meta":{}},{"ancestorTitles":["PaymentsWebhookHandlerImpl idempotency"],"fullName":"PaymentsWebhookHandlerImpl idempotency marks new events as processed after handling","status":"passed","title":"marks new events as processed after handling","duration":1.771099999999933,"failureMessages":[],"meta":{}}],"startTime":1767067389283,"endTime":1767067389286.771,"status":"passed","message":"","name":"C:/Users/patri/Projects/bookiji/tests/api/payments.webhook.idempotency.spec.ts"},{"assertionResults":[{"ancestorTitles":["Payments webhook security and paths"],"fullName":"Payments webhook security and paths returns 400 when no signature header present","status":"passed","title":"returns 400 when no signature header present","duration":1.5659000000005108,"failureMessages":[],"meta":{}},{"ancestorTitles":["Payments webhook security and paths"],"fullName":"Payments webhook security and paths handles payment_intent.canceled and updates booking","status":"passed","title":"handles payment_intent.canceled and updates booking","duration":2.530800000000454,"failureMessages":[],"meta":{}}],"startTime":1767067389588,"endTime":1767067389591.5308,"status":"passed","message":"","name":"C:/Users/patri/Projects/bookiji/tests/api/payments.webhook.security.spec.ts"},{"assertionResults":[{"ancestorTitles":["GET /api/search/providers dynamic radius"],"fullName":"GET /api/search/providers dynamic radius returns no match message in low density area","status":"passed","title":"returns no match message in low density area","duration":2.3575000000000728,"failureMessages":[],"meta":{}},{"ancestorTitles":["GET /api/search/providers dynamic radius"],"fullName":"GET /api/search/providers dynamic radius honors maxTravelDistance cutoff","status":"passed","title":"honors maxTravelDistance cutoff","duration":1.8301999999994223,"failureMessages":[],"meta":{}},{"ancestorTitles":["GET /api/search/providers dynamic radius"],"fullName":"GET /api/search/providers dynamic radius hides provider details when booking not committed","status":"passed","title":"hides provider details when booking not committed","duration":1.7309000000004744,"failureMessages":[],"meta":{}}],"startTime":1767067388641,"endTime":1767067388646.731,"status":"passed","message":"","name":"C:/Users/patri/Projects/bookiji/tests/api/providers.search.spec.ts"},{"assertionResults":[{"ancestorTitles":["GET /api/ratings/booking/:id"],"fullName":"GET /api/ratings/booking/:id rejects rating prompts before confirmation","status":"passed","title":"rejects rating prompts before confirmation","duration":38.214500000000044,"failureMessages":[],"meta":{}},{"ancestorTitles":["GET /api/ratings/booking/:id"],"fullName":"GET /api/ratings/booking/:id allows rating prompts after confirmation","status":"passed","title":"allows rating prompts after confirmation","duration":30.73610000000008,"failureMessages":[],"meta":{}}],"startTime":1767067387114,"endTime":1767067387182.736,"status":"passed","message":"","name":"C:/Users/patri/Projects/bookiji/tests/api/ratings.booking.spec.ts"},{"assertionResults":[{"ancestorTitles":["POST /api/ratings"],"fullName":"POST /api/ratings returns 401 when unauthenticated","status":"passed","title":"returns 401 when unauthenticated","duration":197.6170000000002,"failureMessages":[],"meta":{}},{"ancestorTitles":["POST /api/ratings"],"fullName":"POST /api/ratings validates required fields","status":"passed","title":"validates required fields","duration":32.5009,"failureMessages":[],"meta":{}},{"ancestorTitles":["POST /api/ratings"],"fullName":"POST /api/ratings does not mutate booking status when submitting ratings","status":"passed","title":"does not mutate booking status when submitting ratings","duration":31.306600000000344,"failureMessages":[],"meta":{}}],"startTime":1767067386539,"endTime":1767067386801.3066,"status":"passed","message":"","name":"C:/Users/patri/Projects/bookiji/tests/api/ratings.create.spec.ts"},{"assertionResults":[{"ancestorTitles":["POST /api/referrals/create"],"fullName":"POST /api/referrals/create creates a referral","status":"passed","title":"creates a referral","duration":2.436999999999898,"failureMessages":[],"meta":{}}],"startTime":1767067390318,"endTime":1767067390320.437,"status":"passed","message":"","name":"C:/Users/patri/Projects/bookiji/tests/api/referrals.create.spec.ts"},{"assertionResults":[{"ancestorTitles":["POST /api/auth/register with referral"],"fullName":"POST /api/auth/register with referral credits referrer when referral email matches","status":"passed","title":"credits referrer when referral email matches","duration":3.1685000000006767,"failureMessages":[],"meta":{}}],"startTime":1767067389909,"endTime":1767067389912.1685,"status":"passed","message":"","name":"C:/Users/patri/Projects/bookiji/tests/api/register.referral.spec.ts"},{"assertionResults":[{"ancestorTitles":["Scheduling Kill Switch","assertSchedulingEnabled"],"fullName":"Scheduling Kill Switch assertSchedulingEnabled should pass when scheduling is enabled","status":"passed","title":"should pass when scheduling is enabled","duration":3.3704999999999927,"failureMessages":[],"meta":{}},{"ancestorTitles":["Scheduling Kill Switch","assertSchedulingEnabled"],"fullName":"Scheduling Kill Switch assertSchedulingEnabled should throw SchedulingDisabledError when scheduling is disabled","status":"failed","title":"should throw SchedulingDisabledError when scheduling is disabled","duration":5.050999999999931,"failureMessages":["Error: promise resolved \"undefined\" instead of rejecting\n    at Assertion.__VITEST_REJECTS__ (file:///C:/Users/patri/Projects/bookiji/node_modules/.pnpm/@vitest+expect@3.2.4/node_modules/@vitest/expect/dist/index.js:1610:17)\n    at Assertion.propertyGetter (file:///C:/Users/patri/Projects/bookiji/node_modules/.pnpm/chai@5.2.0/node_modules/chai/chai.js:1486:27)\n    at Reflect.get (<anonymous>)\n    at Object.proxyGetter [as get] (file:///C:/Users/patri/Projects/bookiji/node_modules/.pnpm/chai@5.2.0/node_modules/chai/chai.js:1577:22)\n    at C:\\Users\\patri\\Projects\\bookiji\\tests\\api\\scheduling-kill-switch.spec.ts:48:58\n    at processTicksAndRejections (node:internal/process/task_queues:105:5)\n    at file:///C:/Users/patri/Projects/bookiji/node_modules/.pnpm/@vitest+runner@3.2.4/node_modules/@vitest/runner/dist/chunk-hooks.js:752:20"],"meta":{}},{"ancestorTitles":["Scheduling Kill Switch","assertSchedulingEnabled"],"fullName":"Scheduling Kill Switch assertSchedulingEnabled should default to enabled if flag does not exist (fail open)","status":"passed","title":"should default to enabled if flag does not exist (fail open)","duration":2.681500000000142,"failureMessages":[],"meta":{}},{"ancestorTitles":["Scheduling Kill Switch","Booking confirmation endpoint"],"fullName":"Scheduling Kill Switch Booking confirmation endpoint should return 503 when scheduling is disabled","status":"failed","title":"should return 503 when scheduling is disabled","duration":1.820799999999963,"failureMessages":["AssertionError: expected 200 to be 503 // Object.is equality\n    at C:\\Users\\patri\\Projects\\bookiji\\tests\\api\\scheduling-kill-switch.spec.ts:95:31\n    at processTicksAndRejections (node:internal/process/task_queues:105:5)\n    at file:///C:/Users/patri/Projects/bookiji/node_modules/.pnpm/@vitest+runner@3.2.4/node_modules/@vitest/runner/dist/chunk-hooks.js:752:20"],"meta":{}},{"ancestorTitles":["Scheduling Kill Switch","Booking confirmation endpoint"],"fullName":"Scheduling Kill Switch Booking confirmation endpoint should allow booking confirmation when scheduling is enabled","status":"passed","title":"should allow booking confirmation when scheduling is enabled","duration":1.404800000000023,"failureMessages":[],"meta":{}},{"ancestorTitles":["Scheduling Kill Switch","Admin API endpoint"],"fullName":"Scheduling Kill Switch Admin API endpoint should require admin authentication","status":"failed","title":"should require admin authentication","duration":1.7822000000001026,"failureMessages":["AssertionError: expected [ 401, 403 ] to include 200\n    at Proxy.<anonymous> (file:///C:/Users/patri/Projects/bookiji/node_modules/.pnpm/@vitest+expect@3.2.4/node_modules/@vitest/expect/dist/index.js:1191:15)\n    at Proxy.<anonymous> (file:///C:/Users/patri/Projects/bookiji/node_modules/.pnpm/@vitest+expect@3.2.4/node_modules/@vitest/expect/dist/index.js:1029:14)\n    at Proxy.methodWrapper (file:///C:/Users/patri/Projects/bookiji/node_modules/.pnpm/chai@5.2.0/node_modules/chai/chai.js:1618:25)\n    at C:\\Users\\patri\\Projects\\bookiji\\tests\\api\\scheduling-kill-switch.spec.ts:129:26\n    at processTicksAndRejections (node:internal/process/task_queues:105:5)\n    at file:///C:/Users/patri/Projects/bookiji/node_modules/.pnpm/@vitest+runner@3.2.4/node_modules/@vitest/runner/dist/chunk-hooks.js:752:20"],"meta":{}},{"ancestorTitles":["Scheduling Kill Switch","Admin API endpoint"],"fullName":"Scheduling Kill Switch Admin API endpoint should require reason (min 10 characters)","status":"passed","title":"should require reason (min 10 characters)","duration":0.9240999999999531,"failureMessages":[],"meta":{}},{"ancestorTitles":["Scheduling Kill Switch","Admin API endpoint"],"fullName":"Scheduling Kill Switch Admin API endpoint should update flag and write audit log","status":"passed","title":"should update flag and write audit log","duration":0.8526000000001659,"failureMessages":[],"meta":{}}],"startTime":1767067384433,"endTime":1767067384450.924,"status":"failed","message":"","name":"C:/Users/patri/Projects/bookiji/tests/api/scheduling-kill-switch.spec.ts"},{"assertionResults":[],"startTime":1767067382241,"endTime":1767067382241,"status":"failed","message":"Failed to resolve import \"uuid\" from \"src/lib/telemetry/resilienceTelemetry.ts\". Does the file exist?","name":"C:/Users/patri/Projects/bookiji/tests/components/AllComponentsTestRunner.test.tsx"},{"assertionResults":[],"startTime":1767067382241,"endTime":1767067382241,"status":"failed","message":"Failed to resolve import \"uuid\" from \"src/lib/telemetry/resilienceTelemetry.ts\". Does the file exist?","name":"C:/Users/patri/Projects/bookiji/tests/components/ComprehensiveComponentTestSuite.test.tsx"},{"assertionResults":[],"startTime":1767067382241,"endTime":1767067382241,"status":"failed","message":"Failed to resolve import \"uuid\" from \"src/lib/telemetry/resilienceTelemetry.ts\". Does the file exist?","name":"C:/Users/patri/Projects/bookiji/tests/components/PageComponentsTestSuite.test.tsx"},{"assertionResults":[{"ancestorTitles":["ProviderMap"],"fullName":"ProviderMap renders fallback without token","status":"passed","title":"renders fallback without token","duration":2.5807999999997264,"failureMessages":[],"meta":{}},{"ancestorTitles":["ProviderMap"],"fullName":"ProviderMap renders markers and filters","status":"passed","title":"renders markers and filters","duration":32.958300000000236,"failureMessages":[],"meta":{}}],"startTime":1767067387557,"endTime":1767067387591.9583,"status":"passed","message":"","name":"C:/Users/patri/Projects/bookiji/tests/components/ProviderMap.test.tsx"},{"assertionResults":[{"ancestorTitles":["ShoutOutMetricsPanel"],"fullName":"ShoutOutMetricsPanel renders four metric cards with correct titles","status":"passed","title":"renders four metric cards with correct titles","duration":6.044300000000476,"failureMessages":[],"meta":{}},{"ancestorTitles":["ShoutOutMetricsPanel"],"fullName":"ShoutOutMetricsPanel renders metrics data when loaded","status":"passed","title":"renders metrics data when loaded","duration":6.158099999999649,"failureMessages":[],"meta":{}}],"startTime":1767067387624,"endTime":1767067387636.1582,"status":"passed","message":"","name":"C:/Users/patri/Projects/bookiji/tests/components/ShoutOutMetricsPanel.test.tsx"},{"assertionResults":[{"ancestorTitles":["Governance contracts"],"fullName":"Governance contracts keeps required governance contract files available","status":"passed","title":"keeps required governance contract files available","duration":1.4651999999996406,"failureMessages":[],"meta":{}},{"ancestorTitles":["Governance contract shapes"],"fullName":"Governance contract shapes captures core governance contract details","status":"passed","title":"captures core governance contract details","duration":1.0219999999999345,"failureMessages":[],"meta":{}},{"ancestorTitles":["Governance contract shapes"],"fullName":"Governance contract shapes links evolution, deprecation, and migrations in the registry","status":"passed","title":"links evolution, deprecation, and migrations in the registry","duration":0.6880000000001019,"failureMessages":[],"meta":{}}],"startTime":1767067390424,"endTime":1767067390426.688,"status":"passed","message":"","name":"C:/Users/patri/Projects/bookiji/tests/governance/governance-contracts.spec.ts"},{"assertionResults":[{"ancestorTitles":["command router"],"fullName":"command router handles restart api command","status":"passed","title":"handles restart api command","duration":1.5851999999995314,"failureMessages":[],"meta":{}},{"ancestorTitles":["command router"],"fullName":"command router acknowledges unknown commands","status":"passed","title":"acknowledges unknown commands","duration":0.7614999999996144,"failureMessages":[],"meta":{}}],"startTime":1767067389200,"endTime":1767067389201.7615,"status":"passed","message":"","name":"C:/Users/patri/Projects/bookiji/tests/unit/controlplane.commands.test.ts"},{"assertionResults":[{"ancestorTitles":["personaFormatter"],"fullName":"personaFormatter returns engineer details","status":"passed","title":"returns engineer details","duration":1.105199999999968,"failureMessages":[],"meta":{}},{"ancestorTitles":["personaFormatter"],"fullName":"personaFormatter returns manager summary","status":"passed","title":"returns manager summary","duration":0.7615999999998166,"failureMessages":[],"meta":{}},{"ancestorTitles":["personaFormatter"],"fullName":"personaFormatter handles incidents for detective","status":"passed","title":"handles incidents for detective","duration":0.44730000000072323,"failureMessages":[],"meta":{}}],"startTime":1767067389559,"endTime":1767067389561.7617,"status":"passed","message":"","name":"C:/Users/patri/Projects/bookiji/tests/unit/controlplane.personaFormatter.test.ts"},{"assertionResults":[{"ancestorTitles":["playbook evaluation"],"fullName":"playbook evaluation marks health playbook hot when degraded","status":"passed","title":"marks health playbook hot when degraded","duration":1.4850999999998749,"failureMessages":[],"meta":{}},{"ancestorTitles":["playbook evaluation"],"fullName":"playbook evaluation marks incident playbook when severe incidents exist","status":"passed","title":"marks incident playbook when severe incidents exist","duration":0.988100000000486,"failureMessages":[],"meta":{}}],"startTime":1767067389938,"endTime":1767067389940.988,"status":"passed","message":"","name":"C:/Users/patri/Projects/bookiji/tests/unit/controlplane.playbooks.test.ts"},{"assertionResults":[{"ancestorTitles":["time machine"],"fullName":"time machine returns snapshot at timestamp","status":"passed","title":"returns snapshot at timestamp","duration":1.5335999999997512,"failureMessages":[],"meta":{}},{"ancestorTitles":["time machine"],"fullName":"time machine computes diffs between snapshots","status":"passed","title":"computes diffs between snapshots","duration":1.3806000000004133,"failureMessages":[],"meta":{}}],"startTime":1767067389640,"endTime":1767067389643.3806,"status":"passed","message":"","name":"C:/Users/patri/Projects/bookiji/tests/unit/controlplane.timeMachine.test.ts"},{"assertionResults":[{"ancestorTitles":["i18n formatting"],"fullName":"i18n formatting formats dates and times for all locales","status":"passed","title":"formats dates and times for all locales","duration":32.41690000000017,"failureMessages":[],"meta":{}},{"ancestorTitles":["i18n formatting"],"fullName":"i18n formatting formats currency for all locales","status":"passed","title":"formats currency for all locales","duration":4.196600000000217,"failureMessages":[],"meta":{}},{"ancestorTitles":["i18n formatting"],"fullName":"i18n formatting supports plural rules for all locales","status":"passed","title":"supports plural rules for all locales","duration":6.297099999999773,"failureMessages":[],"meta":{}},{"ancestorTitles":["i18n formatting"],"fullName":"i18n formatting falls back to base locale when key is missing","status":"passed","title":"falls back to base locale when key is missing","duration":0.4849000000003798,"failureMessages":[],"meta":{}}],"startTime":1767067387042,"endTime":1767067387085.4849,"status":"passed","message":"","name":"C:/Users/patri/Projects/bookiji/tests/unit/i18n.formatting.test.ts"},{"assertionResults":[{"ancestorTitles":["getOpsMode"],"fullName":"getOpsMode should return \"real\" by default","status":"passed","title":"should return \"real\" by default","duration":1.3869999999997162,"failureMessages":[],"meta":{}},{"ancestorTitles":["getOpsMode"],"fullName":"getOpsMode should return \"simcity\" when NEXT_PUBLIC_OPS_MODE is \"simcity\"","status":"passed","title":"should return \"simcity\" when NEXT_PUBLIC_OPS_MODE is \"simcity\"","duration":1.0230000000001382,"failureMessages":[],"meta":{}},{"ancestorTitles":["getOpsMode"],"fullName":"getOpsMode should return \"real\" when NEXT_PUBLIC_OPS_MODE is not \"simcity\"","status":"passed","title":"should return \"real\" when NEXT_PUBLIC_OPS_MODE is not \"simcity\"","duration":0.7938999999996668,"failureMessages":[],"meta":{}},{"ancestorTitles":["getOpsMode"],"fullName":"getOpsMode should ignore OPS_MODE if NEXT_PUBLIC_OPS_MODE is set","status":"passed","title":"should ignore OPS_MODE if NEXT_PUBLIC_OPS_MODE is set","duration":0.8175999999994019,"failureMessages":[],"meta":{}},{"ancestorTitles":["getOpsMode"],"fullName":"getOpsMode should return \"real\" if only OPS_MODE is set (deprecated behavior)","status":"passed","title":"should return \"real\" if only OPS_MODE is set (deprecated behavior)","duration":1.2067999999999302,"failureMessages":[],"meta":{}}],"startTime":1767067388209,"endTime":1767067388214.2068,"status":"passed","message":"","name":"C:/Users/patri/Projects/bookiji/tests/unit/ops-config.test.ts"},{"assertionResults":[{"ancestorTitles":["Ops summary null-deployment simulation"],"fullName":"Ops summary null-deployment simulation returns a valid summary with empty deployments when forceEmptyDeployments=1","status":"passed","title":"returns a valid summary with empty deployments when forceEmptyDeployments=1","duration":1.8517000000001644,"failureMessages":[],"meta":{}}],"startTime":1767067390494,"endTime":1767067390495.8518,"status":"passed","message":"","name":"C:/Users/patri/Projects/bookiji/tests/unit/ops-summary-empty-deployments.test.ts"},{"assertionResults":[{"ancestorTitles":["rating validation"],"fullName":"rating validation accepts half-star increments between 1 and 5","status":"passed","title":"accepts half-star increments between 1 and 5","duration":1.0046999999995023,"failureMessages":[],"meta":{}},{"ancestorTitles":["rating validation"],"fullName":"rating validation rejects values outside range or not on half-step","status":"passed","title":"rejects values outside range or not on half-step","duration":0.9642000000003463,"failureMessages":[],"meta":{}},{"ancestorTitles":["rating validation"],"fullName":"rating validation validates comment length","status":"passed","title":"validates comment length","duration":0.7749999999996362,"failureMessages":[],"meta":{}}],"startTime":1767067389813,"endTime":1767067389815.775,"status":"passed","message":"","name":"C:/Users/patri/Projects/bookiji/tests/unit/ratings.validation.test.ts"},{"assertionResults":[{"ancestorTitles":["recovery guardrails"],"fullName":"recovery guardrails refuses when RECOVERY_ENV is missing or not \"1\"","status":"passed","title":"refuses when RECOVERY_ENV is missing or not \"1\"","duration":1.1700999999993655,"failureMessages":[],"meta":{}},{"ancestorTitles":["recovery guardrails"],"fullName":"recovery guardrails refuses when project ref is prod-ish or denied","status":"passed","title":"refuses when project ref is prod-ish or denied","duration":1.0703999999996086,"failureMessages":[],"meta":{}},{"ancestorTitles":["recovery guardrails"],"fullName":"recovery guardrails allows when allow-listed with RECOVERY_ENV=1","status":"passed","title":"allows when allow-listed with RECOVERY_ENV=1","duration":0.542699999999968,"failureMessages":[],"meta":{}},{"ancestorTitles":["storage import args"],"fullName":"storage import args defaults to dry-run when no apply flag is present","status":"passed","title":"defaults to dry-run when no apply flag is present","duration":0.5304999999998472,"failureMessages":[],"meta":{}},{"ancestorTitles":["storage import args"],"fullName":"storage import args does not add dry-run when apply is present","status":"passed","title":"does not add dry-run when apply is present","duration":0.440799999999399,"failureMessages":[],"meta":{}},{"ancestorTitles":["recovery database url"],"fullName":"recovery database url rejects prod-like database hosts","status":"passed","title":"rejects prod-like database hosts","duration":0.6962000000003172,"failureMessages":[],"meta":{}},{"ancestorTitles":["recovery database url"],"fullName":"recovery database url accepts localhost and typical recovery hosts","status":"passed","title":"accepts localhost and typical recovery hosts","duration":0.4835000000002765,"failureMessages":[],"meta":{}},{"ancestorTitles":["recovery database url"],"fullName":"recovery database url rejects non-URL database values","status":"passed","title":"rejects non-URL database values","duration":0.49729999999999563,"failureMessages":[],"meta":{}}],"startTime":1767067389445,"endTime":1767067389450.4973,"status":"passed","message":"","name":"C:/Users/patri/Projects/bookiji/tests/unit/recovery.guard.test.ts"},{"assertionResults":[{"ancestorTitles":["Scenario Compiler"],"fullName":"Scenario Compiler compiles a valid prompt into a deterministic SimCityScenarioV2","status":"passed","title":"compiles a valid prompt into a deterministic SimCityScenarioV2","duration":1.7390000000004875,"failureMessages":[],"meta":{}},{"ancestorTitles":["Scenario Compiler"],"fullName":"Scenario Compiler is deterministic for the same seed and input","status":"passed","title":"is deterministic for the same seed and input","duration":0.94629999999961,"failureMessages":[],"meta":{}},{"ancestorTitles":["Scenario Compiler"],"fullName":"Scenario Compiler rejects unexpressible scenarios","status":"passed","title":"rejects unexpressible scenarios","duration":0.6257999999997992,"failureMessages":[],"meta":{}},{"ancestorTitles":["Scenario Compiler"],"fullName":"Scenario Compiler fails validation when governance registry lacks required domains","status":"passed","title":"fails validation when governance registry lacks required domains","duration":0.5815000000002328,"failureMessages":[],"meta":{}}],"startTime":1767067389406,"endTime":1767067389409.5815,"status":"passed","message":"","name":"C:/Users/patri/Projects/bookiji/tests/unit/scenario.compiler.test.ts"},{"assertionResults":[{"ancestorTitles":["ClarificationEngine"],"fullName":"ClarificationEngine flags ambiguities and produces clarification questions","status":"passed","title":"flags ambiguities and produces clarification questions","duration":1.5416999999997643,"failureMessages":[],"meta":{}},{"ancestorTitles":["ProposalBuilder"],"fullName":"ProposalBuilder does not build proposals when clarifications are outstanding","status":"passed","title":"does not build proposals when clarifications are outstanding","duration":1.1289000000006126,"failureMessages":[],"meta":{}},{"ancestorTitles":["ProposalBuilder"],"fullName":"ProposalBuilder builds multiple ready proposals when fully specified","status":"passed","title":"builds multiple ready proposals when fully specified","duration":1.1232999999992899,"failureMessages":[],"meta":{}}],"startTime":1767067390069,"endTime":1767067390073.1233,"status":"passed","message":"","name":"C:/Users/patri/Projects/bookiji/tests/unit/scenario.intake.test.ts"},{"assertionResults":[{"ancestorTitles":["SeoManager"],"fullName":"SeoManager calls Abel and returns confirmation","status":"passed","title":"calls Abel and returns confirmation","duration":1.5445999999992637,"failureMessages":[],"meta":{}}],"startTime":1767067390549,"endTime":1767067390550.5447,"status":"passed","message":"","name":"C:/Users/patri/Projects/bookiji/tests/unit/seoManager.test.ts"},{"assertionResults":[{"ancestorTitles":["SimCity dials (unit)"],"fullName":"SimCity dials (unit) all dials reference metrics in registry","status":"passed","title":"all dials reference metrics in registry","duration":1.5709999999999127,"failureMessages":[],"meta":{}},{"ancestorTitles":["SimCity dials (unit)"],"fullName":"SimCity dials (unit) dial validation: ranges non-overlap for higher-is-better","status":"passed","title":"dial validation: ranges non-overlap for higher-is-better","duration":1.4056000000000495,"failureMessages":[],"meta":{}},{"ancestorTitles":["SimCity dials (unit)"],"fullName":"SimCity dials (unit) dial validation: ranges non-overlap for lower-is-better","status":"passed","title":"dial validation: ranges non-overlap for lower-is-better","duration":0.9627000000000407,"failureMessages":[],"meta":{}},{"ancestorTitles":["SimCity dials (unit)"],"fullName":"SimCity dials (unit) dial validation: detects overlapping ranges","status":"passed","title":"dial validation: detects overlapping ranges","duration":0.6977999999999156,"failureMessages":[],"meta":{}},{"ancestorTitles":["SimCity dials (unit)"],"fullName":"SimCity dials (unit) zone classification correctness at boundaries","status":"passed","title":"zone classification correctness at boundaries","duration":0.7352000000000771,"failureMessages":[],"meta":{}},{"ancestorTitles":["SimCity dials (unit)"],"fullName":"SimCity dials (unit) zone classification for lower-is-better metrics","status":"passed","title":"zone classification for lower-is-better metrics","duration":0.5300999999999476,"failureMessages":[],"meta":{}},{"ancestorTitles":["SimCity dials (unit)"],"fullName":"SimCity dials (unit) all default dials are valid","status":"passed","title":"all default dials are valid","duration":0.6130000000002838,"failureMessages":[],"meta":{}}],"startTime":1767067390229,"endTime":1767067390235.613,"status":"passed","message":"","name":"C:/Users/patri/Projects/bookiji/tests/unit/simcity.dials.test.ts"},{"assertionResults":[{"ancestorTitles":["SimCity evaluator (unit)"],"fullName":"SimCity evaluator (unit) deltas direction respects metric direction (higher-is-better)","status":"passed","title":"deltas direction respects metric direction (higher-is-better)","duration":1.1495999999997366,"failureMessages":[],"meta":{}},{"ancestorTitles":["SimCity evaluator (unit)"],"fullName":"SimCity evaluator (unit) deltas direction respects metric direction (lower-is-better)","status":"passed","title":"deltas direction respects metric direction (lower-is-better)","duration":0.9264000000002852,"failureMessages":[],"meta":{}},{"ancestorTitles":["SimCity evaluator (unit)"],"fullName":"SimCity evaluator (unit) evaluation.allowed false when any red","status":"passed","title":"evaluation.allowed false when any red","duration":1.3446999999996478,"failureMessages":[],"meta":{}},{"ancestorTitles":["SimCity evaluator (unit)"],"fullName":"SimCity evaluator (unit) summary is deterministic","status":"passed","title":"summary is deterministic","duration":1.4922999999998865,"failureMessages":[],"meta":{}},{"ancestorTitles":["SimCity evaluator (unit)"],"fullName":"SimCity evaluator (unit) neutral deltas for very small changes","status":"passed","title":"neutral deltas for very small changes","duration":1.042500000000473,"failureMessages":[],"meta":{}},{"ancestorTitles":["SimCity evaluator (unit)"],"fullName":"SimCity evaluator (unit) evalDials classifies zones correctly","status":"passed","title":"evalDials classifies zones correctly","duration":0.9929000000001906,"failureMessages":[],"meta":{}}],"startTime":1767067389867,"endTime":1767067389873.993,"status":"passed","message":"","name":"C:/Users/patri/Projects/bookiji/tests/unit/simcity.evaluator.test.ts"},{"assertionResults":[{"ancestorTitles":["SimCity governance (unit)"],"fullName":"SimCity governance (unit) determinism: same ctx → same decisionHash and inputsHash","status":"passed","title":"determinism: same ctx → same decisionHash and inputsHash","duration":1.6505000000006476,"failureMessages":[],"meta":{}},{"ancestorTitles":["SimCity governance (unit)"],"fullName":"SimCity governance (unit) red dial blocks","status":"passed","title":"red dial blocks","duration":1.0092999999997119,"failureMessages":[],"meta":{}},{"ancestorTitles":["SimCity governance (unit)"],"fullName":"SimCity governance (unit) yellow dial warns","status":"passed","title":"yellow dial warns","duration":0.6102000000000771,"failureMessages":[],"meta":{}},{"ancestorTitles":["SimCity governance (unit)"],"fullName":"SimCity governance (unit) missing dials blocks (fail-closed)","status":"passed","title":"missing dials blocks (fail-closed)","duration":0.48700000000008004,"failureMessages":[],"meta":{}},{"ancestorTitles":["SimCity governance (unit)"],"fullName":"SimCity governance (unit) trust regression blocks when delta worsens beyond threshold","status":"passed","title":"trust regression blocks when delta worsens beyond threshold","duration":0.5471999999999753,"failureMessages":[],"meta":{}},{"ancestorTitles":["SimCity governance (unit)"],"fullName":"SimCity governance (unit) latency regression warns at >5%","status":"passed","title":"latency regression warns at >5%","duration":0.4808999999995649,"failureMessages":[],"meta":{}},{"ancestorTitles":["SimCity governance (unit)"],"fullName":"SimCity governance (unit) apply/promote action requires override","status":"passed","title":"apply/promote action requires override","duration":0.5104000000001179,"failureMessages":[],"meta":{}},{"ancestorTitles":["SimCity governance (unit)"],"fullName":"SimCity governance (unit) ordering stable: reasons and overrides are stable order","status":"passed","title":"ordering stable: reasons and overrides are stable order","duration":0.7102999999997337,"failureMessages":[],"meta":{}},{"ancestorTitles":["SimCity governance (unit)"],"fullName":"SimCity governance (unit) evaluateAllProposals returns sorted decisions","status":"passed","title":"evaluateAllProposals returns sorted decisions","duration":0.5505999999995765,"failureMessages":[],"meta":{}},{"ancestorTitles":["SimCity governance (unit)"],"fullName":"SimCity governance (unit) error rate regression blocks when delta exceeds threshold","status":"passed","title":"error rate regression blocks when delta exceeds threshold","duration":0.458400000000438,"failureMessages":[],"meta":{}},{"ancestorTitles":["SimCity governance (unit)"],"fullName":"SimCity governance (unit) allows proposal when all dials green and no regressions","status":"passed","title":"allows proposal when all dials green and no regressions","duration":1.357600000000275,"failureMessages":[],"meta":{}}],"startTime":1767067389097,"endTime":1767067389105.3577,"status":"passed","message":"","name":"C:/Users/patri/Projects/bookiji/tests/unit/simcity.governance.test.ts"},{"assertionResults":[{"ancestorTitles":["SimCity metrics (unit)"],"fullName":"SimCity metrics (unit) computeMetricsFromEvents is deterministic for same input","status":"passed","title":"computeMetricsFromEvents is deterministic for same input","duration":1.3336999999992258,"failureMessages":[],"meta":{}},{"ancestorTitles":["SimCity metrics (unit)"],"fullName":"SimCity metrics (unit) p95 is deterministic","status":"passed","title":"p95 is deterministic","duration":1.1195000000006985,"failureMessages":[],"meta":{}},{"ancestorTitles":["SimCity metrics (unit)"],"fullName":"SimCity metrics (unit) missing signals returns documented defaults","status":"passed","title":"missing signals returns documented defaults","duration":0.9876000000003842,"failureMessages":[],"meta":{}},{"ancestorTitles":["SimCity metrics (unit)"],"fullName":"SimCity metrics (unit) extracts error rate from error events","status":"passed","title":"extracts error rate from error events","duration":0.8623000000006869,"failureMessages":[],"meta":{}},{"ancestorTitles":["SimCity metrics (unit)"],"fullName":"SimCity metrics (unit) extracts capacity utilization from booking-load events","status":"passed","title":"extracts capacity utilization from booking-load events","duration":0.7298000000000684,"failureMessages":[],"meta":{}},{"ancestorTitles":["SimCity metrics (unit)"],"fullName":"SimCity metrics (unit) handles missing latency events gracefully","status":"passed","title":"handles missing latency events gracefully","duration":0.4646000000002459,"failureMessages":[],"meta":{}}],"startTime":1767067389963,"endTime":1767067389968.4646,"status":"passed","message":"","name":"C:/Users/patri/Projects/bookiji/tests/unit/simcity.metrics.test.ts"},{"assertionResults":[{"ancestorTitles":["SimCity orchestrator durations"],"fullName":"SimCity orchestrator durations auto-stops vendor SLA runs after 30 minutes when no duration is provided","status":"passed","title":"auto-stops vendor SLA runs after 30 minutes when no duration is provided","duration":4.154599999999846,"failureMessages":[],"meta":{}}],"startTime":1767067388743,"endTime":1767067388747.1545,"status":"passed","message":"","name":"C:/Users/patri/Projects/bookiji/tests/unit/simcity.orchestrator-duration.test.ts"},{"assertionResults":[{"ancestorTitles":["SimCity proposals (unit)"],"fullName":"SimCity proposals (unit) returns empty array when proposals are disabled","status":"passed","title":"returns empty array when proposals are disabled","duration":1.051300000000083,"failureMessages":[],"meta":{}},{"ancestorTitles":["SimCity proposals (unit)"],"fullName":"SimCity proposals (unit) returns empty array when proposals config is missing","status":"passed","title":"returns empty array when proposals config is missing","duration":0.4202000000004773,"failureMessages":[],"meta":{}},{"ancestorTitles":["SimCity proposals (unit)"],"fullName":"SimCity proposals (unit) generates rule-based proposals for load spikes","status":"passed","title":"generates rule-based proposals for load spikes","duration":1.2925999999997657,"failureMessages":[],"meta":{}},{"ancestorTitles":["SimCity proposals (unit)"],"fullName":"SimCity proposals (unit) generates rule-based proposals for latency jitter","status":"passed","title":"generates rule-based proposals for latency jitter","duration":0.49689999999918655,"failureMessages":[],"meta":{}},{"ancestorTitles":["SimCity proposals (unit)"],"fullName":"SimCity proposals (unit) generates rule-based proposals for soft failures","status":"passed","title":"generates rule-based proposals for soft failures","duration":0.4524999999994179,"failureMessages":[],"meta":{}},{"ancestorTitles":["SimCity proposals (unit)"],"fullName":"SimCity proposals (unit) filters proposals below minConfidence threshold","status":"passed","title":"filters proposals below minConfidence threshold","duration":0.38479999999981374,"failureMessages":[],"meta":{}},{"ancestorTitles":["SimCity proposals (unit)"],"fullName":"SimCity proposals (unit) enforces maxPerTick limit","status":"passed","title":"enforces maxPerTick limit","duration":0.9499000000005253,"failureMessages":[],"meta":{}},{"ancestorTitles":["SimCity proposals (unit)"],"fullName":"SimCity proposals (unit) deduplicates proposals by domain+action","status":"passed","title":"deduplicates proposals by domain+action","duration":0.5770000000002256,"failureMessages":[],"meta":{}},{"ancestorTitles":["SimCity proposals (unit)"],"fullName":"SimCity proposals (unit) generates deterministic proposal IDs for same input","status":"passed","title":"generates deterministic proposal IDs for same input","duration":0.8734999999996944,"failureMessages":[],"meta":{}},{"ancestorTitles":["SimCity proposals (unit)"],"fullName":"SimCity proposals (unit) handles LLM failure gracefully (fail-closed)","status":"passed","title":"handles LLM failure gracefully (fail-closed)","duration":0.7368999999998778,"failureMessages":[],"meta":{}},{"ancestorTitles":["SimCity proposals (unit)"],"fullName":"SimCity proposals (unit) validates proposal domain is enabled","status":"passed","title":"validates proposal domain is enabled","duration":0.533900000000358,"failureMessages":[],"meta":{}},{"ancestorTitles":["SimCity proposals (unit)"],"fullName":"SimCity proposals (unit) sorts proposals deterministically","status":"passed","title":"sorts proposals deterministically","duration":0.6774999999997817,"failureMessages":[],"meta":{}}],"startTime":1767067387690,"endTime":1767067387698.6775,"status":"passed","message":"","name":"C:/Users/patri/Projects/bookiji/tests/unit/simcity.proposals.test.ts"},{"assertionResults":[{"ancestorTitles":["SimCity purge endpoint"],"fullName":"SimCity purge endpoint returns counts for dry run without deleting data","status":"passed","title":"returns counts for dry run without deleting data","duration":2.245900000000802,"failureMessages":[],"meta":{}},{"ancestorTitles":["SimCity purge endpoint"],"fullName":"SimCity purge endpoint purges synthetic records and is idempotent","status":"passed","title":"purges synthetic records and is idempotent","duration":2.152900000000045,"failureMessages":[],"meta":{}}],"startTime":1767067388478,"endTime":1767067388482.1528,"status":"passed","message":"","name":"C:/Users/patri/Projects/bookiji/tests/unit/simcity.purge.test.ts"},{"assertionResults":[{"ancestorTitles":["SimCity replay (integration)"],"fullName":"SimCity replay (integration) replay is deterministic: same request yields same reportHash","status":"passed","title":"replay is deterministic: same request yields same reportHash","duration":3.7520999999997002,"failureMessages":[],"meta":{}},{"ancestorTitles":["SimCity replay (integration)"],"fullName":"SimCity replay (integration) replay is isolated: does not change live engine state","status":"passed","title":"replay is isolated: does not change live engine state","duration":1.0180999999993219,"failureMessages":[],"meta":{}},{"ancestorTitles":["SimCity replay (integration)"],"fullName":"SimCity replay (integration) intervention effect: applying proposal changes metrics or event count","status":"passed","title":"intervention effect: applying proposal changes metrics or event count","duration":1.1484000000000378,"failureMessages":[],"meta":{}},{"ancestorTitles":["SimCity replay (integration)"],"fullName":"SimCity replay (integration) replay handles empty interventions correctly","status":"passed","title":"replay handles empty interventions correctly","duration":0.4863000000004831,"failureMessages":[],"meta":{}},{"ancestorTitles":["SimCity replay (integration)"],"fullName":"SimCity replay (integration) replay respects tick boundaries","status":"passed","title":"replay respects tick boundaries","duration":0.5146000000004278,"failureMessages":[],"meta":{}}],"startTime":1767067388324,"endTime":1767067388330.5146,"status":"passed","message":"","name":"C:/Users/patri/Projects/bookiji/tests/unit/simcity.replay.test.ts"},{"assertionResults":[{"ancestorTitles":["SimCity safety rails"],"fullName":"SimCity safety rails disallows raw fetch usage outside syntheticFetch","status":"passed","title":"disallows raw fetch usage outside syntheticFetch","duration":2.5168000000003303,"failureMessages":[],"meta":{}},{"ancestorTitles":["SimCity safety rails"],"fullName":"SimCity safety rails refuses to start the daemon in production","status":"passed","title":"refuses to start the daemon in production","duration":0.8589999999994689,"failureMessages":[],"meta":{}}],"startTime":1767067388889,"endTime":1767067388892.859,"status":"passed","message":"","name":"C:/Users/patri/Projects/bookiji/tests/unit/simcity.safety.test.ts"},{"assertionResults":[{"ancestorTitles":["SimCity v2 deterministic simulation"],"fullName":"SimCity v2 deterministic simulation replays deterministically with the same seed","status":"passed","title":"replays deterministically with the same seed","duration":2.9481000000005224,"failureMessages":[],"meta":{}},{"ancestorTitles":["SimCity v2 deterministic simulation"],"fullName":"SimCity v2 deterministic simulation diverges with a different seed","status":"passed","title":"diverges with a different seed","duration":1.2452000000002954,"failureMessages":[],"meta":{}},{"ancestorTitles":["SimCity v2 governance and OpsAI interop"],"fullName":"SimCity v2 governance and OpsAI interop rejects deprecated domains at load time","status":"passed","title":"rejects deprecated domains at load time","duration":0.7439000000003944,"failureMessages":[],"meta":{}},{"ancestorTitles":["SimCity v2 governance and OpsAI interop"],"fullName":"SimCity v2 governance and OpsAI interop emits synthetic envelopes compatible with OpsAI v2","status":"passed","title":"emits synthetic envelopes compatible with OpsAI v2","duration":1.76299999999992,"failureMessages":[],"meta":{}},{"ancestorTitles":["SimCity v2 counterfactual forking"],"fullName":"SimCity v2 counterfactual forking compares baseline against forked timeline with demand spike","status":"passed","title":"compares baseline against forked timeline with demand spike","duration":0.9830000000001746,"failureMessages":[],"meta":{}}],"startTime":1767067388561,"endTime":1767067388568.983,"status":"passed","message":"","name":"C:/Users/patri/Projects/bookiji/tests/unit/simcity.v2.test.ts"},{"assertionResults":[{"ancestorTitles":["OpsAICache"],"fullName":"OpsAICache returns cached value before TTL expires","status":"passed","title":"returns cached value before TTL expires","duration":1.3150000000005093,"failureMessages":[],"meta":{}},{"ancestorTitles":["OpsAICache"],"fullName":"OpsAICache expires entries after TTL","status":"passed","title":"expires entries after TTL","duration":0.8109000000004016,"failureMessages":[],"meta":{}},{"ancestorTitles":["OpsAICache"],"fullName":"OpsAICache getOrSet caches producer result","status":"passed","title":"getOrSet caches producer result","duration":0.5007999999997992,"failureMessages":[],"meta":{}}],"startTime":1767067388860,"endTime":1767067388862.5007,"status":"passed","message":"","name":"C:/Users/patri/Projects/bookiji/packages/opsai-sdk/tests/cache.test.ts"},{"assertionResults":[{"ancestorTitles":["opsai CLI"],"fullName":"opsai CLI prints summary","status":"passed","title":"prints summary","duration":1.2879000000002634,"failureMessages":[],"meta":{}},{"ancestorTitles":["opsai CLI"],"fullName":"opsai CLI rejects invalid metrics command","status":"passed","title":"rejects invalid metrics command","duration":0.9062999999996464,"failureMessages":[],"meta":{}},{"ancestorTitles":["opsai CLI"],"fullName":"opsai CLI registers webhook with provided events","status":"passed","title":"registers webhook with provided events","duration":0.6759999999994761,"failureMessages":[],"meta":{}}],"startTime":1767067389329,"endTime":1767067389332.676,"status":"passed","message":"","name":"C:/Users/patri/Projects/bookiji/packages/opsai-sdk/tests/cli.test.ts"},{"assertionResults":[{"ancestorTitles":["OpsAI deployments handling"],"fullName":"OpsAI deployments handling returns empty array when deployments is null","status":"passed","title":"returns empty array when deployments is null","duration":1.5048999999999069,"failureMessages":[],"meta":{}},{"ancestorTitles":["OpsAI deployments handling"],"fullName":"OpsAI deployments handling returns empty array when upstream is empty list","status":"passed","title":"returns empty array when upstream is empty list","duration":1.034099999999853,"failureMessages":[],"meta":{}}],"startTime":1767067389528,"endTime":1767067389531.0342,"status":"passed","message":"","name":"C:/Users/patri/Projects/bookiji/packages/opsai-sdk/tests/deployments.test.ts"},{"assertionResults":[{"ancestorTitles":["Webhook formatting"],"fullName":"Webhook formatting buildWebhookPayload sets metadata","status":"passed","title":"buildWebhookPayload sets metadata","duration":1.1980000000003201,"failureMessages":[],"meta":{}},{"ancestorTitles":["Webhook formatting"],"fullName":"Webhook formatting formatDeploymentFallback emits safe placeholder","status":"passed","title":"formatDeploymentFallback emits safe placeholder","duration":0.8887000000004264,"failureMessages":[],"meta":{}}],"startTime":1767067390094,"endTime":1767067390095.8887,"status":"passed","message":"","name":"C:/Users/patri/Projects/bookiji/packages/opsai-sdk/tests/webhook.test.ts"},{"assertionResults":[{"ancestorTitles":["L7 predictions"],"fullName":"L7 predictions predictHealthTrend detects downward movement","status":"passed","title":"predictHealthTrend detects downward movement","duration":0.8036000000001877,"failureMessages":[],"meta":{}},{"ancestorTitles":["L7 predictions"],"fullName":"L7 predictions predictBookingThroughput handles slope","status":"passed","title":"predictBookingThroughput handles slope","duration":0.6414999999997235,"failureMessages":[],"meta":{}},{"ancestorTitles":["Self-healing flow"],"fullName":"Self-healing flow runs simulated actions","status":"passed","title":"runs simulated actions","duration":0.4675999999999476,"failureMessages":[],"meta":{}},{"ancestorTitles":["Incident auto-filing"],"fullName":"Incident auto-filing creates incident when bookings deviate","status":"passed","title":"creates incident when bookings deviate","duration":0.4918999999999869,"failureMessages":[],"meta":{}}],"startTime":1767067389013,"endTime":1767067389015.492,"status":"passed","message":"","name":"C:/Users/patri/Projects/bookiji/packages/opsai-l7/tests/l7.test.ts"},{"assertionResults":[{"ancestorTitles":["BookingForm"],"fullName":"BookingForm renders form fields correctly","status":"passed","title":"renders form fields correctly","duration":11.893500000000131,"failureMessages":[],"meta":{}},{"ancestorTitles":["BookingForm"],"fullName":"BookingForm displays service information correctly","status":"passed","title":"displays service information correctly","duration":5.790100000000166,"failureMessages":[],"meta":{}},{"ancestorTitles":["BookingForm"],"fullName":"BookingForm renders all required form inputs","status":"passed","title":"renders all required form inputs","duration":8.245600000000195,"failureMessages":[],"meta":{}},{"ancestorTitles":["BookingForm"],"fullName":"BookingForm renders payment method options","status":"passed","title":"renders payment method options","duration":4.7070999999996275,"failureMessages":[],"meta":{}},{"ancestorTitles":["BookingForm"],"fullName":"BookingForm renders submit button","status":"passed","title":"renders submit button","duration":15.70089999999982,"failureMessages":[],"meta":{}}],"startTime":1767067387425,"endTime":1767067387470.701,"status":"passed","message":"","name":"C:/Users/patri/Projects/bookiji/tests/components/ui/BookingForm.test.tsx"},{"assertionResults":[{"ancestorTitles":["Button"],"fullName":"Button renders children correctly","status":"passed","title":"renders children correctly","duration":1.9723999999996522,"failureMessages":[],"meta":{}}],"startTime":1767067390261,"endTime":1767067390262.9724,"status":"passed","message":"","name":"C:/Users/patri/Projects/bookiji/tests/components/ui/Button.test.tsx"},{"assertionResults":[{"ancestorTitles":["Card Components","Card"],"fullName":"Card Components Card renders with default classes","status":"passed","title":"renders with default classes","duration":1.7521000000006097,"failureMessages":[],"meta":{}},{"ancestorTitles":["Card Components","Card"],"fullName":"Card Components Card merges custom className","status":"passed","title":"merges custom className","duration":1.2304000000003725,"failureMessages":[],"meta":{}},{"ancestorTitles":["Card Components","CardHeader"],"fullName":"Card Components CardHeader renders with default classes","status":"passed","title":"renders with default classes","duration":2.7489999999997963,"failureMessages":[],"meta":{}},{"ancestorTitles":["Card Components","CardTitle"],"fullName":"Card Components CardTitle renders with default classes","status":"passed","title":"renders with default classes","duration":1.2200000000002547,"failureMessages":[],"meta":{}},{"ancestorTitles":["Card Components","CardContent"],"fullName":"Card Components CardContent renders with default classes","status":"passed","title":"renders with default classes","duration":1.0057000000006155,"failureMessages":[],"meta":{}},{"ancestorTitles":["Card Components","CardDescription"],"fullName":"Card Components CardDescription renders with default classes","status":"passed","title":"renders with default classes","duration":1.1135000000003856,"failureMessages":[],"meta":{}}],"startTime":1767067388031,"endTime":1767067388040.1135,"status":"passed","message":"","name":"C:/Users/patri/Projects/bookiji/tests/components/ui/Card.test.tsx"},{"assertionResults":[],"startTime":1767067382241,"endTime":1767067382241,"status":"failed","message":"Failed to resolve import \"uuid\" from \"src/lib/telemetry/resilienceTelemetry.ts\". Does the file exist?","name":"C:/Users/patri/Projects/bookiji/tests/components/ui/HomePageClient.test.tsx"},{"assertionResults":[{"ancestorTitles":["Input"],"fullName":"Input renders with default classes","status":"passed","title":"renders with default classes","duration":1.6521999999995387,"failureMessages":[],"meta":{}},{"ancestorTitles":["Input"],"fullName":"Input merges custom className","status":"passed","title":"merges custom className","duration":1.1377000000002226,"failureMessages":[],"meta":{}},{"ancestorTitles":["Input"],"fullName":"Input handles user input","status":"passed","title":"handles user input","duration":1.2800000000006548,"failureMessages":[],"meta":{}},{"ancestorTitles":["Input"],"fullName":"Input passes through HTML attributes","status":"passed","title":"passes through HTML attributes","duration":0.944300000000112,"failureMessages":[],"meta":{}}],"startTime":1767067388181,"endTime":1767067388185.9443,"status":"passed","message":"","name":"C:/Users/patri/Projects/bookiji/tests/components/ui/Input.test.tsx"},{"assertionResults":[{"ancestorTitles":["Label"],"fullName":"Label renders children correctly","status":"passed","title":"renders children correctly","duration":1.42870000000039,"failureMessages":[],"meta":{}},{"ancestorTitles":["Label"],"fullName":"Label renders with default classes","status":"passed","title":"renders with default classes","duration":1.1968999999999141,"failureMessages":[],"meta":{}},{"ancestorTitles":["Label"],"fullName":"Label merges custom className","status":"passed","title":"merges custom className","duration":0.8481000000001586,"failureMessages":[],"meta":{}},{"ancestorTitles":["Label"],"fullName":"Label passes through HTML attributes","status":"passed","title":"passes through HTML attributes","duration":0.8451999999997497,"failureMessages":[],"meta":{}},{"ancestorTitles":["Label"],"fullName":"Label works with form inputs","status":"passed","title":"works with form inputs","duration":2.4226999999991676,"failureMessages":[],"meta":{}}],"startTime":1767067387924,"endTime":1767067387930.4226,"status":"passed","message":"","name":"C:/Users/patri/Projects/bookiji/tests/components/ui/Label.test.tsx"},{"assertionResults":[{"ancestorTitles":["StarRating Component"],"fullName":"StarRating Component renders with correct number of stars","status":"passed","title":"renders with correct number of stars","duration":3.4147000000002663,"failureMessages":[],"meta":{}},{"ancestorTitles":["StarRating Component"],"fullName":"StarRating Component displays correct rating value","status":"passed","title":"displays correct rating value","duration":1.928299999999581,"failureMessages":[],"meta":{}},{"ancestorTitles":["StarRating Component"],"fullName":"StarRating Component handles half-star ratings correctly","status":"passed","title":"handles half-star ratings correctly","duration":1.8117999999994936,"failureMessages":[],"meta":{}},{"ancestorTitles":["StarRating Component"],"fullName":"StarRating Component handles full-star ratings correctly","status":"passed","title":"handles full-star ratings correctly","duration":1.7753999999995358,"failureMessages":[],"meta":{}},{"ancestorTitles":["StarRating Component"],"fullName":"StarRating Component calls onChange when star is clicked","status":"passed","title":"calls onChange when star is clicked","duration":2.1172000000005937,"failureMessages":[],"meta":{}},{"ancestorTitles":["StarRating Component"],"fullName":"StarRating Component handles hover states correctly","status":"passed","title":"handles hover states correctly","duration":2.528599999999642,"failureMessages":[],"meta":{}},{"ancestorTitles":["StarRating Component"],"fullName":"StarRating Component applies correct size classes","status":"passed","title":"applies correct size classes","duration":2.1718000000000757,"failureMessages":[],"meta":{}},{"ancestorTitles":["StarRating Component"],"fullName":"StarRating Component handles readonly mode correctly","status":"passed","title":"handles readonly mode correctly","duration":1.4182000000000698,"failureMessages":[],"meta":{}},{"ancestorTitles":["StarRating Component"],"fullName":"StarRating Component formats decimal values correctly","status":"passed","title":"formats decimal values correctly","duration":1.6133999999992739,"failureMessages":[],"meta":{}},{"ancestorTitles":["StarRating Component"],"fullName":"StarRating Component formats whole number values correctly","status":"passed","title":"formats whole number values correctly","duration":1.3986000000004424,"failureMessages":[],"meta":{}},{"ancestorTitles":["StarRating Component"],"fullName":"StarRating Component applies custom className","status":"passed","title":"applies custom className","duration":1.7399999999997817,"failureMessages":[],"meta":{}},{"ancestorTitles":["StarRating Component"],"fullName":"StarRating Component handles zero rating gracefully","status":"passed","title":"handles zero rating gracefully","duration":1.6822999999994863,"failureMessages":[],"meta":{}},{"ancestorTitles":["StarRating Component"],"fullName":"StarRating Component handles negative rating gracefully","status":"passed","title":"handles negative rating gracefully","duration":2.141700000000128,"failureMessages":[],"meta":{}}],"startTime":1767067387502,"endTime":1767067387527.1416,"status":"passed","message":"","name":"C:/Users/patri/Projects/bookiji/tests/components/ui/StarRating.test.tsx"},{"assertionResults":[{"ancestorTitles":["UI Component Test Suite","Button Component"],"fullName":"UI Component Test Suite Button Component renders button with correct text","status":"passed","title":"renders button with correct text","duration":22.276999999999134,"failureMessages":[],"meta":{}},{"ancestorTitles":["UI Component Test Suite","Button Component"],"fullName":"UI Component Test Suite Button Component handles click events","status":"passed","title":"handles click events","duration":5.737500000000182,"failureMessages":[],"meta":{}},{"ancestorTitles":["UI Component Test Suite","Button Component"],"fullName":"UI Component Test Suite Button Component applies variant classes correctly","status":"passed","title":"applies variant classes correctly","duration":2.5954000000001543,"failureMessages":[],"meta":{}},{"ancestorTitles":["UI Component Test Suite","Button Component"],"fullName":"UI Component Test Suite Button Component applies size classes correctly","status":"passed","title":"applies size classes correctly","duration":1.692300000000614,"failureMessages":[],"meta":{}},{"ancestorTitles":["UI Component Test Suite","Button Component"],"fullName":"UI Component Test Suite Button Component can be disabled","status":"passed","title":"can be disabled","duration":2.3788000000004104,"failureMessages":[],"meta":{}},{"ancestorTitles":["UI Component Test Suite","Card Component"],"fullName":"UI Component Test Suite Card Component renders card with title and content","status":"passed","title":"renders card with title and content","duration":3.479000000000269,"failureMessages":[],"meta":{}},{"ancestorTitles":["UI Component Test Suite","Card Component"],"fullName":"UI Component Test Suite Card Component applies custom className","status":"passed","title":"applies custom className","duration":1.6756999999997788,"failureMessages":[],"meta":{}},{"ancestorTitles":["UI Component Test Suite","Input Component"],"fullName":"UI Component Test Suite Input Component renders input with placeholder","status":"passed","title":"renders input with placeholder","duration":2.682300000000396,"failureMessages":[],"meta":{}},{"ancestorTitles":["UI Component Test Suite"
[...]
e":1767067388960.652,"status":"passed","message":"","name":"C:/Users/patri/Projects/bookiji/src/lib/jarvis/escalation/decideNextAction.test.ts"},{"assertionResults":[{"ancestorTitles":["Policy Registry","validatePolicyConfig"],"fullName":"Policy Registry validatePolicyConfig should accept valid policy config","status":"passed","title":"should accept valid policy config","duration":1.020499999999629,"failureMessages":[],"meta":{}},{"ancestorTitles":["Policy Registry","validatePolicyConfig"],"fullName":"Policy Registry validatePolicyConfig should reject notification_cap > 5","status":"passed","title":"should reject notification_cap > 5","duration":0.7511999999996988,"failureMessages":[],"meta":{}},{"ancestorTitles":["Policy Registry","validatePolicyConfig"],"fullName":"Policy Registry validatePolicyConfig should reject notification_cap < 1","status":"passed","title":"should reject notification_cap < 1","duration":0.3999999999996362,"failureMessages":[],"meta":{}},{"ancestorTitles":["Policy Registry","validatePolicyConfig"],"fullName":"Policy Registry validatePolicyConfig should reject missing quiet_hours","status":"passed","title":"should reject missing quiet_hours","duration":0.44720000000052096,"failureMessages":[],"meta":{}},{"ancestorTitles":["Policy Registry","validatePolicyConfig"],"fullName":"Policy Registry validatePolicyConfig should reject missing severity rules","status":"passed","title":"should reject missing severity rules","duration":0.36930000000029395,"failureMessages":[],"meta":{}},{"ancestorTitles":["Policy Registry","computePolicyChecksum"],"fullName":"Policy Registry computePolicyChecksum should compute consistent checksum for same policy","status":"passed","title":"should compute consistent checksum for same policy","duration":0.39210000000002765,"failureMessages":[],"meta":{}},{"ancestorTitles":["Policy Registry","computePolicyChecksum"],"fullName":"Policy Registry computePolicyChecksum should compute different checksum for different policies","status":"passed","title":"should compute different checksum for different policies","duration":0.3883000000005268,"failureMessages":[],"meta":{}}],"startTime":1767067389049,"endTime":1767067389053.3882,"status":"passed","message":"","name":"C:/Users/patri/Projects/bookiji/src/lib/jarvis/policy/registry.test.ts"},{"assertionResults":[{"ancestorTitles":["Suggestion Engine","generatePolicySuggestions"],"fullName":"Suggestion Engine generatePolicySuggestions should return empty suggestions for empty time range","status":"passed","title":"should return empty suggestions for empty time range","duration":1.6723000000001775,"failureMessages":[],"meta":{}}],"startTime":1767067390525,"endTime":1767067390526.6724,"status":"passed","message":"","name":"C:/Users/patri/Projects/bookiji/src/lib/jarvis/suggestions/engine.test.ts"},{"assertionResults":[{"ancestorTitles":["Event naming consistency"],"fullName":"Event naming consistency all event types match database CHECK constraint","status":"passed","title":"all event types match database CHECK constraint","duration":1.2244999999993524,"failureMessages":[],"meta":{}},{"ancestorTitles":["Event naming consistency"],"fullName":"Event naming consistency event type strings are lowercase with underscores","status":"passed","title":"event type strings are lowercase with underscores","duration":1.1820999999999913,"failureMessages":[],"meta":{}}],"startTime":1767067390343,"endTime":1767067390346.1821,"status":"passed","message":"","name":"C:/Users/patri/Projects/bookiji/src/lib/jarvis/observability/events.test.ts"},{"assertionResults":[{"ancestorTitles":["explainDecision"],"fullName":"explainDecision should explain acknowledged_no_notify","status":"passed","title":"should explain acknowledged_no_notify","duration":0.6359999999995125,"failureMessages":[],"meta":{}},{"ancestorTitles":["explainDecision"],"fullName":"explainDecision should explain cap_reached","status":"passed","title":"should explain cap_reached","duration":0.42780000000038854,"failureMessages":[],"meta":{}},{"ancestorTitles":["explainDecision"],"fullName":"explainDecision should explain sev1_first_notification","status":"passed","title":"should explain sev1_first_notification","duration":0.2627999999995154,"failureMessages":[],"meta":{}},{"ancestorTitles":["explainDecision"],"fullName":"explainDecision should explain sev1_first_notification during quiet hours","status":"passed","title":"should explain sev1_first_notification during quiet hours","duration":0.27340000000003783,"failureMessages":[],"meta":{}},{"ancestorTitles":["explainDecision"],"fullName":"explainDecision should explain sev2_quiet_hours_silent_only","status":"passed","title":"should explain sev2_quiet_hours_silent_only","duration":0.24240000000008877,"failureMessages":[],"meta":{}},{"ancestorTitles":["explainDecision"],"fullName":"explainDecision should explain sev3_no_notification","status":"passed","title":"should explain sev3_no_notification","duration":0.22769999999945867,"failureMessages":[],"meta":{}},{"ancestorTitles":["explainDecision"],"fullName":"explainDecision should explain sev1_max_silent_exceeded","status":"passed","title":"should explain sev1_max_silent_exceeded","duration":0.2276000000001659,"failureMessages":[],"meta":{}},{"ancestorTitles":["explainDecision"],"fullName":"explainDecision should explain sev2_interval_escalation","status":"passed","title":"should explain sev2_interval_escalation","duration":0.22139999999944848,"failureMessages":[],"meta":{}},{"ancestorTitles":["explainDecision"],"fullName":"explainDecision should explain interval_wait","status":"passed","title":"should explain interval_wait","duration":0.25309999999990396,"failureMessages":[],"meta":{}},{"ancestorTitles":["explainDecision"],"fullName":"explainDecision should handle null trace","status":"passed","title":"should handle null trace","duration":0.22670000000016444,"failureMessages":[],"meta":{}},{"ancestorTitles":["explainDecision"],"fullName":"explainDecision should handle undefined trace","status":"passed","title":"should handle undefined trace","duration":0.21810000000004948,"failureMessages":[],"meta":{}},{"ancestorTitles":["explainDecision"],"fullName":"explainDecision should handle unknown rule_fired with fallback","status":"passed","title":"should handle unknown rule_fired with fallback","duration":1.3617000000003827,"failureMessages":[],"meta":{}},{"ancestorTitles":["explainDecision"],"fullName":"explainDecision should be deterministic (same input produces same output)","status":"passed","title":"should be deterministic (same input produces same output)","duration":0.38590000000021973,"failureMessages":[],"meta":{}}],"startTime":1767067388154,"endTime":1767067388158.386,"status":"passed","message":"","name":"C:/Users/patri/Projects/bookiji/src/lib/jarvis/observability/explain.test.ts"},{"assertionResults":[{"ancestorTitles":["resolveIncidentBadges","PAYMENT_INTEGRITY"],"fullName":"resolveIncidentBadges PAYMENT_INTEGRITY should classify stripe webhook backlog as PAYMENT_INTEGRITY with high confidence","status":"passed","title":"should classify stripe webhook backlog as PAYMENT_INTEGRITY with high confidence","duration":1.5686000000005151,"failureMessages":[],"meta":{}},{"ancestorTitles":["resolveIncidentBadges","BOOKING_INVARIANT"],"fullName":"resolveIncidentBadges BOOKING_INVARIANT should classify booking failures as BOOKING_INVARIANT with high confidence","status":"passed","title":"should classify booking failures as BOOKING_INVARIANT with high confidence","duration":0.5731999999998152,"failureMessages":[],"meta":{}},{"ancestorTitles":["resolveIncidentBadges","BOOKING_INVARIANT"],"fullName":"resolveIncidentBadges BOOKING_INVARIANT should classify booking-related invariant violations as BOOKING_INVARIANT with medium confidence","status":"passed","title":"should classify booking-related invariant violations as BOOKING_INVARIANT with medium confidence","duration":0.3926000000001295,"failureMessages":[],"meta":{}},{"ancestorTitles":["resolveIncidentBadges","DATA_INTEGRITY"],"fullName":"resolveIncidentBadges DATA_INTEGRITY should classify invariant violations as DATA_INTEGRITY with high confidence","status":"passed","title":"should classify invariant violations as DATA_INTEGRITY with high confidence","duration":0.3621000000002823,"failureMessages":[],"meta":{}},{"ancestorTitles":["resolveIncidentBadges","ESCALATION_STORM"],"fullName":"resolveIncidentBadges ESCALATION_STORM should classify high notification count as ESCALATION_STORM with medium confidence","status":"passed","title":"should classify high notification count as ESCALATION_STORM with medium confidence","duration":0.4327999999995882,"failureMessages":[],"meta":{}},{"ancestorTitles":["resolveIncidentBadges","ESCALATION_STORM"],"fullName":"resolveIncidentBadges ESCALATION_STORM should classify at-cap notification count as ESCALATION_STORM with high confidence","status":"passed","title":"should classify at-cap notification count as ESCALATION_STORM with high confidence","duration":0.30680000000029395,"failureMessages":[],"meta":{}},{"ancestorTitles":["resolveIncidentBadges","DESTRUCTIVE_OP_ATTEMPT"],"fullName":"resolveIncidentBadges DESTRUCTIVE_OP_ATTEMPT should classify kill switch active as DESTRUCTIVE_OP_ATTEMPT with high confidence","status":"passed","title":"should classify kill switch active as DESTRUCTIVE_OP_ATTEMPT with high confidence","duration":0.4522999999999229,"failureMessages":[],"meta":{}},{"ancestorTitles":["resolveIncidentBadges","EXTERNAL_DEPENDENCY"],"fullName":"resolveIncidentBadges EXTERNAL_DEPENDENCY should classify error rate spike without internal causes as EXTERNAL_DEPENDENCY","status":"passed","title":"should classify error rate spike without internal causes as EXTERNAL_DEPENDENCY","duration":0.3264000000008309,"failureMessages":[],"meta":{}},{"ancestorTitles":["resolveIncidentBadges","UI_FLOW_REGRESSION"],"fullName":"resolveIncidentBadges UI_FLOW_REGRESSION should classify recent deploy with error rate spike as UI_FLOW_REGRESSION","status":"passed","title":"should classify recent deploy with error rate spike as UI_FLOW_REGRESSION","duration":0.49130000000059226,"failureMessages":[],"meta":{}},{"ancestorTitles":["resolveIncidentBadges","AUTH_ROLE_DRIFT"],"fullName":"resolveIncidentBadges AUTH_ROLE_DRIFT should classify auth-related invariant violations as AUTH_ROLE_DRIFT","status":"passed","title":"should classify auth-related invariant violations as AUTH_ROLE_DRIFT","duration":0.38439999999991414,"failureMessages":[],"meta":{}},{"ancestorTitles":["resolveIncidentBadges","UNKNOWN"],"fullName":"resolveIncidentBadges UNKNOWN should classify incidents with signals but no clear pattern as UNKNOWN","status":"passed","title":"should classify incidents with signals but no clear pattern as UNKNOWN","duration":0.3433999999997468,"failureMessages":[],"meta":{}},{"ancestorTitles":["resolveIncidentBadges","Guardrails"],"fullName":"resolveIncidentBadges Guardrails should detect quiet hours guardrail","status":"passed","title":"should detect quiet hours guardrail","duration":0.3583999999991647,"failureMessages":[],"meta":{}},{"ancestorTitles":["resolveIncidentBadges","Guardrails"],"fullName":"resolveIncidentBadges Guardrails should detect notification cap guardrail","status":"passed","title":"should detect notification cap guardrail","duration":0.2959000000000742,"failureMessages":[],"meta":{}},{"ancestorTitles":["resolveIncidentBadges","Guardrails"],"fullName":"resolveIncidentBadges Guardrails should detect ack gating guardrail","status":"passed","title":"should detect ack gating guardrail","duration":0.2723999999998341,"failureMessages":[],"meta":{}},{"ancestorTitles":["resolveIncidentBadges","Guardrails"],"fullName":"resolveIncidentBadges Guardrails should detect kill switch guardrail","status":"passed","title":"should detect kill switch guardrail","duration":0.32219999999961146,"failureMessages":[],"meta":{}},{"ancestorTitles":["resolveIncidentBadges","Edge cases"],"fullName":"resolveIncidentBadges Edge cases should return empty array for non-relevant event types","status":"passed","title":"should return empty array for non-relevant event types","duration":0.245600000000195,"failureMessages":[],"meta":{}},{"ancestorTitles":["resolveIncidentBadges","Edge cases"],"fullName":"resolveIncidentBadges Edge cases should return empty array when no snapshot or trace provided","status":"passed","title":"should return empty array when no snapshot or trace provided","duration":0.2191000000002532,"failureMessages":[],"meta":{}},{"ancestorTitles":["resolveIncidentBadges","Edge cases"],"fullName":"resolveIncidentBadges Edge cases should work with trace only (no snapshot)","status":"passed","title":"should work with trace only (no snapshot)","duration":0.21649999999954161,"failureMessages":[],"meta":{}},{"ancestorTitles":["resolveIncidentBadges","Edge cases"],"fullName":"resolveIncidentBadges Edge cases should be deterministic (same input produces same output)","status":"passed","title":"should be deterministic (same input produces same output)","duration":0.3033999999997832,"failureMessages":[],"meta":{}}],"startTime":1767067388092,"endTime":1767067388100.3035,"status":"passed","message":"","name":"C:/Users/patri/Projects/bookiji/src/lib/jarvis/observability/incidentBadges.test.ts"},{"assertionResults":[{"ancestorTitles":["classifyLayerRelevance","Layer 1 (always relevant)"],"fullName":"classifyLayerRelevance Layer 1 (always relevant) should always include Layer 1 for incident_created events","status":"passed","title":"should always include Layer 1 for incident_created events","duration":1.2484000000004016,"failureMessages":[],"meta":{}},{"ancestorTitles":["classifyLayerRelevance","Layer 1 (always relevant)"],"fullName":"classifyLayerRelevance Layer 1 (always relevant) should always include Layer 1 when snapshot or trace provided","status":"passed","title":"should always include Layer 1 when snapshot or trace provided","duration":0.9791999999997643,"failureMessages":[],"meta":{}},{"ancestorTitles":["classifyLayerRelevance","Layer 0 (Execution Safety)"],"fullName":"classifyLayerRelevance Layer 0 (Execution Safety) should classify kill switch active as Layer 0","status":"passed","title":"should classify kill switch active as Layer 0","duration":0.7611000000006243,"failureMessages":[],"meta":{}},{"ancestorTitles":["classifyLayerRelevance","Layer 0 (Execution Safety)"],"fullName":"classifyLayerRelevance Layer 0 (Execution Safety) should classify invariant violations as Layer 0","status":"passed","title":"should classify invariant violations as Layer 0","duration":0.5960000000004584,"failureMessages":[],"meta":{}},{"ancestorTitles":["classifyLayerRelevance","Layer 2 (Change Management)"],"fullName":"classifyLayerRelevance Layer 2 (Change Management) should classify recent deployment as Layer 2","status":"passed","title":"should classify recent deployment as Layer 2","duration":0.5433000000002721,"failureMessages":[],"meta":{}},{"ancestorTitles":["classifyLayerRelevance","Layer 2 (Change Management)"],"fullName":"classifyLayerRelevance Layer 2 (Change Management) should classify recent migration as Layer 2","status":"passed","title":"should classify recent migration as Layer 2","duration":0.49839999999949214,"failureMessages":[],"meta":{}},{"ancestorTitles":["classifyLayerRelevance","Layer 2 (Change Management)"],"fullName":"classifyLayerRelevance Layer 2 (Change Management) should classify config change as Layer 2","status":"passed","title":"should classify config change as Layer 2","duration":0.48629999999957363,"failureMessages":[],"meta":{}},{"ancestorTitles":["classifyLayerRelevance","Layer 3 (Release Confidence)"],"fullName":"classifyLayerRelevance Layer 3 (Release Confidence) should classify recent change with SEV-1 incident as Layer 3","status":"passed","title":"should classify recent change with SEV-1 incident as Layer 3","duration":0.49430000000029395,"failureMessages":[],"meta":{}},{"ancestorTitles":["classifyLayerRelevance","Layer 3 (Release Confidence)"],"fullName":"classifyLayerRelevance Layer 3 (Release Confidence) should classify recent change with SEV-2 incident as Layer 3 with low confidence","status":"passed","title":"should classify recent change with SEV-2 incident as Layer 3 with low confidence","duration":0.5477000000000771,"failureMessages":[],"meta":{}},{"ancestorTitles":["classifyLayerRelevance","Layer 3 (Release Confidence)"],"fullName":"classifyLayerRelevance Layer 3 (Release Confidence) should not classify Layer 3 without recent change","status":"passed","title":"should not classify Layer 3 without recent change","duration":0.456199999999626,"failureMessages":[],"meta":{}},{"ancestorTitles":["classifyLayerRelevance","Edge cases"],"fullName":"classifyLayerRelevance Edge cases should return empty array for non-relevant event types","status":"passed","title":"should return empty array for non-relevant event types","duration":0.4398000000001048,"failureMessages":[],"meta":{}},{"ancestorTitles":["classifyLayerRelevance","Edge cases"],"fullName":"classifyLayerRelevance Edge cases should return empty array when no snapshot or trace provided","status":"passed","title":"should return empty array when no snapshot or trace provided","duration":0.44239999999990687,"failureMessages":[],"meta":{}},{"ancestorTitles":["classifyLayerRelevance","Edge cases"],"fullName":"classifyLayerRelevance Edge cases should be deterministic (same input produces same output)","status":"passed","title":"should be deterministic (same input produces same output)","duration":0.5264999999999418,"failureMessages":[],"meta":{}}],"startTime":1767067390124,"endTime":1767067390132.5266,"status":"passed","message":"","name":"C:/Users/patri/Projects/bookiji/src/lib/jarvis/observability/layerAwareness.test.ts"},{"assertionResults":[{"ancestorTitles":["DecisionTrace validation"],"fullName":"DecisionTrace validation should have all required fields defined","status":"passed","title":"should have all required fields defined","duration":1.3735999999998967,"failureMessages":[],"meta":{}},{"ancestorTitles":["DecisionTrace validation"],"fullName":"DecisionTrace validation should validate severity is one of allowed values","status":"passed","title":"should validate severity is one of allowed values","duration":1.2003999999997177,"failureMessages":[],"meta":{}},{"ancestorTitles":["DecisionTrace validation"],"fullName":"DecisionTrace validation should validate quiet_hours is boolean","status":"passed","title":"should validate quiet_hours is boolean","duration":0.8771999999999025,"failureMessages":[],"meta":{}},{"ancestorTitles":["DecisionTrace validation"],"fullName":"DecisionTrace validation should validate notifications_sent is number","status":"passed","title":"should validate notifications_sent is number","duration":0.7625000000007276,"failureMessages":[],"meta":{}},{"ancestorTitles":["DecisionTrace validation"],"fullName":"DecisionTrace validation should validate cap is number","status":"passed","title":"should validate cap is number","duration":0.6525000000001455,"failureMessages":[],"meta":{}},{"ancestorTitles":["DecisionTrace validation"],"fullName":"DecisionTrace validation should validate rule_fired is string","status":"passed","title":"should validate rule_fired is string","duration":0.562699999999495,"failureMessages":[],"meta":{}},{"ancestorTitles":["DecisionTrace validation"],"fullName":"DecisionTrace validation should be JSON serializable","status":"passed","title":"should be JSON serializable","duration":0.5729000000001179,"failureMessages":[],"meta":{}},{"ancestorTitles":["DecisionTrace validation"],"fullName":"DecisionTrace validation should not have optional fields","status":"passed","title":"should not have optional fields","duration":0.7397000000000844,"failureMessages":[],"meta":{}}],"startTime":1767067389752,"endTime":1767067389759.7397,"status":"passed","message":"","name":"C:/Users/patri/Projects/bookiji/src/lib/jarvis/observability/trace.test.ts"}]}